
Gurobi 8.1.1 (win64, Python) logging started 06/03/19 17:41:35

Academic license - for non-commercial use only

Gurobi 8.1.1 (win64, Python) logging started 06/03/19 17:41:41

Academic license - for non-commercial use only

Gurobi 8.1.1 (win64, Python) logging started 06/03/19 17:41:50

Academic license - for non-commercial use only

Gurobi 8.1.1 (win64, Python) logging started 06/03/19 17:41:58

Academic license - for non-commercial use only

Gurobi 8.1.1 (win64, Python) logging started 06/03/19 17:43:38

Academic license - for non-commercial use only

Gurobi 8.1.1 (win64, Python) logging started 06/03/19 17:44:09

Academic license - for non-commercial use only

Gurobi 8.1.1 (win64, Python) logging started 06/03/19 17:45:56

Academic license - for non-commercial use only

Gurobi 8.1.1 (win64, Python) logging started 06/03/19 17:46:16

Academic license - for non-commercial use only

Gurobi 8.1.1 (win64, Python) logging started 06/03/19 17:46:34

Academic license - for non-commercial use only

Gurobi 8.1.1 (win64, Python) logging started 06/03/19 17:48:08

Academic license - for non-commercial use only

Gurobi 8.1.1 (win64, Python) logging started 06/03/19 17:49:00

Academic license - for non-commercial use only

Gurobi 8.1.1 (win64, Python) logging started 06/03/19 17:50:54

Academic license - for non-commercial use only

Gurobi 8.1.1 (win64, Python) logging started 06/03/19 17:55:25

Academic license - for non-commercial use only

Gurobi 8.1.1 (win64, Python) logging started 06/03/19 17:58:13

Academic license - for non-commercial use only

Gurobi 8.1.1 (win64, Python) logging started 06/03/19 17:58:20

Academic license - for non-commercial use only

Gurobi 8.1.1 (win64, Python) logging started 06/03/19 17:59:19

Academic license - for non-commercial use only

Gurobi 8.1.1 (win64, Python) logging started 06/03/19 18:00:06

Academic license - for non-commercial use only

Gurobi 8.1.1 (win64, Python) logging started 06/03/19 18:00:50

Academic license - for non-commercial use only

Gurobi 8.1.1 (win64, Python) logging started 06/03/19 18:01:01

Academic license - for non-commercial use only

Gurobi 8.1.1 (win64, Python) logging started 06/03/19 18:01:10

Academic license - for non-commercial use only

Gurobi 8.1.1 (win64, Python) logging started 06/03/19 18:01:44

Academic license - for non-commercial use only

Gurobi 8.1.1 (win64, Python) logging started 06/03/19 18:02:25

Academic license - for non-commercial use only

Gurobi 8.1.1 (win64, Python) logging started 06/03/19 18:02:33

Academic license - for non-commercial use only

Gurobi 8.1.1 (win64, Python) logging started 06/03/19 18:02:37

Academic license - for non-commercial use only

Gurobi 8.1.1 (win64, Python) logging started 06/03/19 18:04:32

Academic license - for non-commercial use only

Gurobi 8.1.1 (win64, Python) logging started 06/03/19 18:06:21

Academic license - for non-commercial use only

Gurobi 8.1.1 (win64, Python) logging started 06/03/19 18:06:22

Academic license - for non-commercial use only

Gurobi 8.1.1 (win64, Python) logging started 06/03/19 18:06:23

Academic license - for non-commercial use only

Gurobi 8.1.1 (win64, Python) logging started 06/03/19 18:06:28

Academic license - for non-commercial use only

Gurobi 8.1.1 (win64, Python) logging started 06/03/19 18:06:34

Academic license - for non-commercial use only

Gurobi 8.1.1 (win64, Python) logging started 06/03/19 18:06:35

Academic license - for non-commercial use only

Gurobi 8.1.1 (win64, Python) logging started 06/03/19 18:08:03

Academic license - for non-commercial use only

Gurobi 8.1.1 (win64, Python) logging started 06/03/19 18:08:32

Academic license - for non-commercial use only
Parameter OutputFlag unchanged
   Value: 1  Min: 0  Max: 1  Default: 1
Changed value of parameter timeLimit to 600.0
   Prev: 1e+100  Min: 0.0  Max: 1e+100  Default: 1e+100
Changed value of parameter MIPGap to 0.02
   Prev: 0.0001  Min: 0.0  Max: 1e+100  Default: 0.0001
Optimize a model with 9 rows, 6 columns and 1 nonzeros
Variable types: 0 continuous, 6 integer (6 binary)
Coefficient statistics:
  Matrix range     [3e+00, 3e+00]
  Objective range  [1e+00, 1e+00]
  Bounds range     [1e+00, 1e+00]
  RHS range        [1e+00, 1e+00]
Presolve time: 0.00s

Explored 0 nodes (0 simplex iterations) in 0.29 seconds
Thread count was 1 (of 4 available processors)

Solution count 0

Model is infeasible
Best objective -, best bound -, gap -

Gurobi 8.1.1 (win64, Python) logging started 06/03/19 18:10:02

Academic license - for non-commercial use only
Parameter OutputFlag unchanged
   Value: 1  Min: 0  Max: 1  Default: 1
Changed value of parameter timeLimit to 600.0
   Prev: 1e+100  Min: 0.0  Max: 1e+100  Default: 1e+100
Changed value of parameter MIPGap to 0.02
   Prev: 0.0001  Min: 0.0  Max: 1e+100  Default: 0.0001
Optimize a model with 9 rows, 6 columns and 1 nonzeros
Variable types: 0 continuous, 6 integer (6 binary)
Coefficient statistics:
  Matrix range     [3e+00, 3e+00]
  Objective range  [1e+00, 1e+00]
  Bounds range     [1e+00, 1e+00]
  RHS range        [1e+00, 1e+00]
Presolve time: 0.00s

Explored 0 nodes (0 simplex iterations) in 0.03 seconds
Thread count was 1 (of 4 available processors)

Solution count 0

Model is infeasible
Best objective -, best bound -, gap -

Gurobi 8.1.1 (win64, Python) logging started 06/03/19 18:11:08

Academic license - for non-commercial use only
Parameter OutputFlag unchanged
   Value: 1  Min: 0  Max: 1  Default: 1
Changed value of parameter timeLimit to 600.0
   Prev: 1e+100  Min: 0.0  Max: 1e+100  Default: 1e+100
Changed value of parameter MIPGap to 0.02
   Prev: 0.0001  Min: 0.0  Max: 1e+100  Default: 0.0001
Optimize a model with 9 rows, 6 columns and 1 nonzeros
Variable types: 0 continuous, 6 integer (6 binary)
Coefficient statistics:
  Matrix range     [3e+00, 3e+00]
  Objective range  [1e+00, 1e+00]
  Bounds range     [1e+00, 1e+00]
  RHS range        [1e+00, 1e+00]
Presolve time: 0.00s

Explored 0 nodes (0 simplex iterations) in 0.25 seconds
Thread count was 1 (of 4 available processors)

Solution count 0

Model is infeasible
Best objective -, best bound -, gap -

Gurobi 8.1.1 (win64, Python) logging started 06/03/19 18:11:31

Academic license - for non-commercial use only
Parameter OutputFlag unchanged
   Value: 1  Min: 0  Max: 1  Default: 1
Changed value of parameter timeLimit to 600.0
   Prev: 1e+100  Min: 0.0  Max: 1e+100  Default: 1e+100
Changed value of parameter MIPGap to 0.02
   Prev: 0.0001  Min: 0.0  Max: 1e+100  Default: 0.0001
Optimize a model with 9 rows, 6 columns and 1 nonzeros
Variable types: 0 continuous, 6 integer (6 binary)
Coefficient statistics:
  Matrix range     [3e+00, 3e+00]
  Objective range  [1e+00, 1e+00]
  Bounds range     [1e+00, 1e+00]
  RHS range        [1e+00, 1e+00]
Presolve time: 0.00s

Explored 0 nodes (0 simplex iterations) in 0.01 seconds
Thread count was 1 (of 4 available processors)

Solution count 0

Model is infeasible
Best objective -, best bound -, gap -

Gurobi 8.1.1 (win64, Python) logging started 06/03/19 18:11:43

Academic license - for non-commercial use only
Parameter OutputFlag unchanged
   Value: 1  Min: 0  Max: 1  Default: 1
Changed value of parameter timeLimit to 600.0
   Prev: 1e+100  Min: 0.0  Max: 1e+100  Default: 1e+100
Changed value of parameter MIPGap to 0.02
   Prev: 0.0001  Min: 0.0  Max: 1e+100  Default: 0.0001
Optimize a model with 9 rows, 6 columns and 1 nonzeros
Variable types: 0 continuous, 6 integer (6 binary)
Coefficient statistics:
  Matrix range     [3e+00, 3e+00]
  Objective range  [1e+00, 1e+00]
  Bounds range     [1e+00, 1e+00]
  RHS range        [1e+00, 1e+00]
Presolve time: 0.00s

Explored 0 nodes (0 simplex iterations) in 0.00 seconds
Thread count was 1 (of 4 available processors)

Solution count 0

Model is infeasible
Best objective -, best bound -, gap -

Gurobi 8.1.1 (win64, Python) logging started 06/03/19 18:12:01

Academic license - for non-commercial use only
Parameter OutputFlag unchanged
   Value: 1  Min: 0  Max: 1  Default: 1
Changed value of parameter timeLimit to 600.0
   Prev: 1e+100  Min: 0.0  Max: 1e+100  Default: 1e+100
Changed value of parameter MIPGap to 0.02
   Prev: 0.0001  Min: 0.0  Max: 1e+100  Default: 0.0001
Optimize a model with 9 rows, 6 columns and 1 nonzeros
Variable types: 0 continuous, 6 integer (6 binary)
Coefficient statistics:
  Matrix range     [3e+00, 3e+00]
  Objective range  [1e+00, 1e+00]
  Bounds range     [1e+00, 1e+00]
  RHS range        [1e+00, 1e+00]
Presolve time: 0.00s

Explored 0 nodes (0 simplex iterations) in 0.01 seconds
Thread count was 1 (of 4 available processors)

Solution count 0

Model is infeasible
Best objective -, best bound -, gap -

Gurobi 8.1.1 (win64, Python) logging started 06/03/19 18:12:33

Academic license - for non-commercial use only
Parameter OutputFlag unchanged
   Value: 1  Min: 0  Max: 1  Default: 1
Changed value of parameter timeLimit to 600.0
   Prev: 1e+100  Min: 0.0  Max: 1e+100  Default: 1e+100
Changed value of parameter MIPGap to 0.02
   Prev: 0.0001  Min: 0.0  Max: 1e+100  Default: 0.0001
Optimize a model with 54 rows, 6 columns and 6 nonzeros
Variable types: 0 continuous, 6 integer (6 binary)
Coefficient statistics:
  Matrix range     [1e+00, 3e+00]
  Objective range  [1e+00, 1e+00]
  Bounds range     [1e+00, 1e+00]
  RHS range        [1e+00, 1e+00]
Presolve time: 0.00s

Explored 0 nodes (0 simplex iterations) in 0.19 seconds
Thread count was 1 (of 4 available processors)

Solution count 0

Model is infeasible
Best objective -, best bound -, gap -

Gurobi 8.1.1 (win64, Python) logging started 06/03/19 18:13:13

Academic license - for non-commercial use only
Parameter OutputFlag unchanged
   Value: 1  Min: 0  Max: 1  Default: 1
Changed value of parameter timeLimit to 600.0
   Prev: 1e+100  Min: 0.0  Max: 1e+100  Default: 1e+100
Changed value of parameter MIPGap to 0.02
   Prev: 0.0001  Min: 0.0  Max: 1e+100  Default: 0.0001
Optimize a model with 9 rows, 6 columns and 1 nonzeros
Variable types: 0 continuous, 6 integer (6 binary)
Coefficient statistics:
  Matrix range     [3e+00, 3e+00]
  Objective range  [1e+00, 1e+00]
  Bounds range     [1e+00, 1e+00]
  RHS range        [1e+00, 1e+00]
Presolve time: 0.00s

Explored 0 nodes (0 simplex iterations) in 0.10 seconds
Thread count was 1 (of 4 available processors)

Solution count 0

Model is infeasible
Best objective -, best bound -, gap -

Gurobi 8.1.1 (win64, Python) logging started 06/03/19 18:13:29

Academic license - for non-commercial use only
Parameter OutputFlag unchanged
   Value: 1  Min: 0  Max: 1  Default: 1
Changed value of parameter timeLimit to 600.0
   Prev: 1e+100  Min: 0.0  Max: 1e+100  Default: 1e+100
Changed value of parameter MIPGap to 0.02
   Prev: 0.0001  Min: 0.0  Max: 1e+100  Default: 0.0001
Optimize a model with 9 rows, 6 columns and 1 nonzeros
Variable types: 0 continuous, 6 integer (6 binary)
Coefficient statistics:
  Matrix range     [3e+00, 3e+00]
  Objective range  [1e+00, 1e+00]
  Bounds range     [1e+00, 1e+00]
  RHS range        [1e+00, 1e+00]
Presolve time: 0.00s

Explored 0 nodes (0 simplex iterations) in 0.00 seconds
Thread count was 1 (of 4 available processors)

Solution count 0

Model is infeasible
Best objective -, best bound -, gap -

Gurobi 8.1.1 (win64, Python) logging started 06/03/19 18:15:49

Academic license - for non-commercial use only
Parameter OutputFlag unchanged
   Value: 1  Min: 0  Max: 1  Default: 1
Changed value of parameter timeLimit to 600.0
   Prev: 1e+100  Min: 0.0  Max: 1e+100  Default: 1e+100
Changed value of parameter MIPGap to 0.02
   Prev: 0.0001  Min: 0.0  Max: 1e+100  Default: 0.0001
Optimize a model with 9 rows, 6 columns and 3 nonzeros
Variable types: 0 continuous, 6 integer (6 binary)
Coefficient statistics:
  Matrix range     [1e+00, 1e+00]
  Objective range  [1e+00, 1e+00]
  Bounds range     [1e+00, 1e+00]
  RHS range        [1e+00, 1e+00]
Presolve time: 0.00s

Explored 0 nodes (0 simplex iterations) in 0.00 seconds
Thread count was 1 (of 4 available processors)

Solution count 0

Model is infeasible
Best objective -, best bound -, gap -

Gurobi 8.1.1 (win64, Python) logging started 06/03/19 18:16:04

Academic license - for non-commercial use only
Parameter OutputFlag unchanged
   Value: 1  Min: 0  Max: 1  Default: 1
Changed value of parameter timeLimit to 600.0
   Prev: 1e+100  Min: 0.0  Max: 1e+100  Default: 1e+100
Changed value of parameter MIPGap to 0.02
   Prev: 0.0001  Min: 0.0  Max: 1e+100  Default: 0.0001

Gurobi 8.1.1 (win64, Python) logging started 06/03/19 18:16:34

Academic license - for non-commercial use only
Parameter OutputFlag unchanged
   Value: 1  Min: 0  Max: 1  Default: 1
Changed value of parameter timeLimit to 600.0
   Prev: 1e+100  Min: 0.0  Max: 1e+100  Default: 1e+100
Changed value of parameter MIPGap to 0.02
   Prev: 0.0001  Min: 0.0  Max: 1e+100  Default: 0.0001

Gurobi 8.1.1 (win64, Python) logging started 06/03/19 18:16:58

Academic license - for non-commercial use only
Parameter OutputFlag unchanged
   Value: 1  Min: 0  Max: 1  Default: 1
Changed value of parameter timeLimit to 600.0
   Prev: 1e+100  Min: 0.0  Max: 1e+100  Default: 1e+100
Changed value of parameter MIPGap to 0.02
   Prev: 0.0001  Min: 0.0  Max: 1e+100  Default: 0.0001
Optimize a model with 9 rows, 6 columns and 3 nonzeros
Variable types: 0 continuous, 6 integer (6 binary)
Coefficient statistics:
  Matrix range     [1e+00, 1e+00]
  Objective range  [1e+00, 1e+00]
  Bounds range     [1e+00, 1e+00]
  RHS range        [1e+00, 1e+00]
Presolve time: 0.00s

Explored 0 nodes (0 simplex iterations) in 0.00 seconds
Thread count was 1 (of 4 available processors)

Solution count 0

Model is infeasible
Best objective -, best bound -, gap -

Gurobi 8.1.1 (win64, Python) logging started 06/03/19 18:17:04

Academic license - for non-commercial use only
Parameter OutputFlag unchanged
   Value: 1  Min: 0  Max: 1  Default: 1
Changed value of parameter timeLimit to 600.0
   Prev: 1e+100  Min: 0.0  Max: 1e+100  Default: 1e+100
Changed value of parameter MIPGap to 0.02
   Prev: 0.0001  Min: 0.0  Max: 1e+100  Default: 0.0001
Optimize a model with 54 rows, 6 columns and 13 nonzeros
Variable types: 0 continuous, 6 integer (6 binary)
Coefficient statistics:
  Matrix range     [1e+00, 1e+00]
  Objective range  [1e+00, 1e+00]
  Bounds range     [1e+00, 1e+00]
  RHS range        [1e+00, 1e+00]
Presolve time: 0.00s

Explored 0 nodes (0 simplex iterations) in 0.00 seconds
Thread count was 1 (of 4 available processors)

Solution count 0

Model is infeasible
Best objective -, best bound -, gap -

Gurobi 8.1.1 (win64, Python) logging started 06/03/19 18:17:25

Academic license - for non-commercial use only
Parameter OutputFlag unchanged
   Value: 1  Min: 0  Max: 1  Default: 1
Changed value of parameter timeLimit to 600.0
   Prev: 1e+100  Min: 0.0  Max: 1e+100  Default: 1e+100
Changed value of parameter MIPGap to 0.02
   Prev: 0.0001  Min: 0.0  Max: 1e+100  Default: 0.0001

Gurobi 8.1.1 (win64, Python) logging started 06/03/19 18:17:36

Academic license - for non-commercial use only
Parameter OutputFlag unchanged
   Value: 1  Min: 0  Max: 1  Default: 1
Changed value of parameter timeLimit to 600.0
   Prev: 1e+100  Min: 0.0  Max: 1e+100  Default: 1e+100
Changed value of parameter MIPGap to 0.02
   Prev: 0.0001  Min: 0.0  Max: 1e+100  Default: 0.0001
Optimize a model with 9 rows, 6 columns and 3 nonzeros
Variable types: 0 continuous, 6 integer (6 binary)
Coefficient statistics:
  Matrix range     [1e+00, 1e+00]
  Objective range  [1e+00, 1e+00]
  Bounds range     [1e+00, 1e+00]
  RHS range        [1e+00, 1e+00]
Presolve time: 0.00s

Explored 0 nodes (0 simplex iterations) in 0.01 seconds
Thread count was 1 (of 4 available processors)

Solution count 0

Model is infeasible
Best objective -, best bound -, gap -

Gurobi 8.1.1 (win64, Python) logging started 06/03/19 18:17:59

Academic license - for non-commercial use only
Parameter OutputFlag unchanged
   Value: 1  Min: 0  Max: 1  Default: 1
Changed value of parameter timeLimit to 600.0
   Prev: 1e+100  Min: 0.0  Max: 1e+100  Default: 1e+100
Changed value of parameter MIPGap to 0.02
   Prev: 0.0001  Min: 0.0  Max: 1e+100  Default: 0.0001
Optimize a model with 9 rows, 6 columns and 3 nonzeros
Variable types: 0 continuous, 6 integer (6 binary)
Coefficient statistics:
  Matrix range     [1e+00, 1e+00]
  Objective range  [1e+00, 1e+00]
  Bounds range     [1e+00, 1e+00]
  RHS range        [1e+00, 1e+00]
Presolve time: 0.00s

Explored 0 nodes (0 simplex iterations) in 0.02 seconds
Thread count was 1 (of 4 available processors)

Solution count 0

Model is infeasible
Best objective -, best bound -, gap -

Gurobi 8.1.1 (win64, Python) logging started 06/03/19 18:19:09

Academic license - for non-commercial use only
Parameter OutputFlag unchanged
   Value: 1  Min: 0  Max: 1  Default: 1
Changed value of parameter timeLimit to 600.0
   Prev: 1e+100  Min: 0.0  Max: 1e+100  Default: 1e+100
Changed value of parameter MIPGap to 0.02
   Prev: 0.0001  Min: 0.0  Max: 1e+100  Default: 0.0001
Optimize a model with 9 rows, 6 columns and 6 nonzeros
Variable types: 0 continuous, 6 integer (6 binary)
Coefficient statistics:
  Matrix range     [1e+00, 3e+00]
  Objective range  [1e+00, 1e+00]
  Bounds range     [1e+00, 1e+00]
  RHS range        [1e+00, 1e+00]
Presolve time: 0.00s

Explored 0 nodes (0 simplex iterations) in 0.00 seconds
Thread count was 1 (of 4 available processors)

Solution count 0

Model is infeasible
Best objective -, best bound -, gap -

Gurobi 8.1.1 (win64, Python) logging started 06/03/19 18:19:24

Academic license - for non-commercial use only
Parameter OutputFlag unchanged
   Value: 1  Min: 0  Max: 1  Default: 1
Changed value of parameter timeLimit to 600.0
   Prev: 1e+100  Min: 0.0  Max: 1e+100  Default: 1e+100
Changed value of parameter MIPGap to 0.02
   Prev: 0.0001  Min: 0.0  Max: 1e+100  Default: 0.0001
Optimize a model with 0 rows, 6 columns and 0 nonzeros
Variable types: 0 continuous, 6 integer (6 binary)
Coefficient statistics:
  Matrix range     [0e+00, 0e+00]
  Objective range  [1e+00, 1e+00]
  Bounds range     [1e+00, 1e+00]
  RHS range        [0e+00, 0e+00]
Found heuristic solution: objective 0.0000000

Explored 0 nodes (0 simplex iterations) in 0.00 seconds
Thread count was 1 (of 4 available processors)

Solution count 1: 0 

Optimal solution found (tolerance 2.00e-02)
Best objective 0.000000000000e+00, best bound 0.000000000000e+00, gap 0.0000%

Gurobi 8.1.1 (win64, Python) logging started 06/03/19 18:20:43

Academic license - for non-commercial use only
Parameter OutputFlag unchanged
   Value: 1  Min: 0  Max: 1  Default: 1
Changed value of parameter timeLimit to 600.0
   Prev: 1e+100  Min: 0.0  Max: 1e+100  Default: 1e+100
Changed value of parameter MIPGap to 0.02
   Prev: 0.0001  Min: 0.0  Max: 1e+100  Default: 0.0001
Optimize a model with 0 rows, 6 columns and 0 nonzeros
Variable types: 0 continuous, 6 integer (6 binary)
Coefficient statistics:
  Matrix range     [0e+00, 0e+00]
  Objective range  [1e+00, 1e+00]
  Bounds range     [1e+00, 1e+00]
  RHS range        [0e+00, 0e+00]
Found heuristic solution: objective 0.0000000

Explored 0 nodes (0 simplex iterations) in 0.00 seconds
Thread count was 1 (of 4 available processors)

Solution count 1: 0 

Optimal solution found (tolerance 2.00e-02)
Best objective 0.000000000000e+00, best bound 0.000000000000e+00, gap 0.0000%

Gurobi 8.1.1 (win64, Python) logging started 06/03/19 18:20:51

Academic license - for non-commercial use only
Parameter OutputFlag unchanged
   Value: 1  Min: 0  Max: 1  Default: 1
Changed value of parameter timeLimit to 600.0
   Prev: 1e+100  Min: 0.0  Max: 1e+100  Default: 1e+100
Changed value of parameter MIPGap to 0.02
   Prev: 0.0001  Min: 0.0  Max: 1e+100  Default: 0.0001
Optimize a model with 0 rows, 6 columns and 0 nonzeros
Variable types: 0 continuous, 6 integer (6 binary)
Coefficient statistics:
  Matrix range     [0e+00, 0e+00]
  Objective range  [1e+00, 1e+00]
  Bounds range     [1e+00, 1e+00]
  RHS range        [0e+00, 0e+00]
Found heuristic solution: objective 0.0000000

Explored 0 nodes (0 simplex iterations) in 0.01 seconds
Thread count was 1 (of 4 available processors)

Solution count 1: 0 

Optimal solution found (tolerance 2.00e-02)
Best objective 0.000000000000e+00, best bound 0.000000000000e+00, gap 0.0000%

Gurobi 8.1.1 (win64, Python) logging started 06/03/19 18:21:39

Academic license - for non-commercial use only
Parameter OutputFlag unchanged
   Value: 1  Min: 0  Max: 1  Default: 1
Changed value of parameter timeLimit to 600.0
   Prev: 1e+100  Min: 0.0  Max: 1e+100  Default: 1e+100
Changed value of parameter MIPGap to 0.02
   Prev: 0.0001  Min: 0.0  Max: 1e+100  Default: 0.0001
Optimize a model with 0 rows, 6 columns and 0 nonzeros
Variable types: 0 continuous, 6 integer (6 binary)
Coefficient statistics:
  Matrix range     [0e+00, 0e+00]
  Objective range  [1e+00, 1e+00]
  Bounds range     [1e+00, 1e+00]
  RHS range        [0e+00, 0e+00]
Found heuristic solution: objective 0.0000000

Explored 0 nodes (0 simplex iterations) in 0.00 seconds
Thread count was 1 (of 4 available processors)

Solution count 1: 0 

Optimal solution found (tolerance 2.00e-02)
Best objective 0.000000000000e+00, best bound 0.000000000000e+00, gap 0.0000%

Gurobi 8.1.1 (win64, Python) logging started 06/03/19 18:21:55

Academic license - for non-commercial use only
Parameter OutputFlag unchanged
   Value: 1  Min: 0  Max: 1  Default: 1
Changed value of parameter timeLimit to 600.0
   Prev: 1e+100  Min: 0.0  Max: 1e+100  Default: 1e+100
Changed value of parameter MIPGap to 0.02
   Prev: 0.0001  Min: 0.0  Max: 1e+100  Default: 0.0001
Optimize a model with 0 rows, 6 columns and 0 nonzeros
Variable types: 0 continuous, 6 integer (6 binary)
Coefficient statistics:
  Matrix range     [0e+00, 0e+00]
  Objective range  [1e+00, 1e+00]
  Bounds range     [1e+00, 1e+00]
  RHS range        [0e+00, 0e+00]
Found heuristic solution: objective 0.0000000

Explored 0 nodes (0 simplex iterations) in 0.00 seconds
Thread count was 1 (of 4 available processors)

Solution count 1: 0 

Optimal solution found (tolerance 2.00e-02)
Best objective 0.000000000000e+00, best bound 0.000000000000e+00, gap 0.0000%

Gurobi 8.1.1 (win64, Python) logging started 06/03/19 18:22:19

Academic license - for non-commercial use only
Parameter OutputFlag unchanged
   Value: 1  Min: 0  Max: 1  Default: 1
Changed value of parameter timeLimit to 600.0
   Prev: 1e+100  Min: 0.0  Max: 1e+100  Default: 1e+100
Changed value of parameter MIPGap to 0.02
   Prev: 0.0001  Min: 0.0  Max: 1e+100  Default: 0.0001
Optimize a model with 0 rows, 6 columns and 0 nonzeros
Variable types: 0 continuous, 6 integer (6 binary)
Coefficient statistics:
  Matrix range     [0e+00, 0e+00]
  Objective range  [1e+00, 1e+00]
  Bounds range     [1e+00, 1e+00]
  RHS range        [0e+00, 0e+00]
Found heuristic solution: objective 0.0000000

Explored 0 nodes (0 simplex iterations) in 0.01 seconds
Thread count was 1 (of 4 available processors)

Solution count 1: 0 

Optimal solution found (tolerance 2.00e-02)
Best objective 0.000000000000e+00, best bound 0.000000000000e+00, gap 0.0000%

Gurobi 8.1.1 (win64, Python) logging started 06/03/19 18:22:37

Academic license - for non-commercial use only
Parameter OutputFlag unchanged
   Value: 1  Min: 0  Max: 1  Default: 1
Changed value of parameter timeLimit to 600.0
   Prev: 1e+100  Min: 0.0  Max: 1e+100  Default: 1e+100
Changed value of parameter MIPGap to 0.02
   Prev: 0.0001  Min: 0.0  Max: 1e+100  Default: 0.0001
Optimize a model with 0 rows, 6 columns and 0 nonzeros
Variable types: 0 continuous, 6 integer (6 binary)
Coefficient statistics:
  Matrix range     [0e+00, 0e+00]
  Objective range  [1e+00, 1e+00]
  Bounds range     [1e+00, 1e+00]
  RHS range        [0e+00, 0e+00]
Found heuristic solution: objective 0.0000000

Explored 0 nodes (0 simplex iterations) in 0.00 seconds
Thread count was 1 (of 4 available processors)

Solution count 1: 0 

Optimal solution found (tolerance 2.00e-02)
Best objective 0.000000000000e+00, best bound 0.000000000000e+00, gap 0.0000%

Gurobi 8.1.1 (win64, Python) logging started 06/03/19 18:23:13

Academic license - for non-commercial use only
Parameter OutputFlag unchanged
   Value: 1  Min: 0  Max: 1  Default: 1
Changed value of parameter timeLimit to 600.0
   Prev: 1e+100  Min: 0.0  Max: 1e+100  Default: 1e+100
Changed value of parameter MIPGap to 0.02
   Prev: 0.0001  Min: 0.0  Max: 1e+100  Default: 0.0001
Optimize a model with 0 rows, 6 columns and 0 nonzeros
Variable types: 0 continuous, 6 integer (6 binary)
Coefficient statistics:
  Matrix range     [0e+00, 0e+00]
  Objective range  [1e+00, 1e+00]
  Bounds range     [1e+00, 1e+00]
  RHS range        [0e+00, 0e+00]
Found heuristic solution: objective 0.0000000

Explored 0 nodes (0 simplex iterations) in 0.01 seconds
Thread count was 1 (of 4 available processors)

Solution count 1: 0 

Optimal solution found (tolerance 2.00e-02)
Best objective 0.000000000000e+00, best bound 0.000000000000e+00, gap 0.0000%

Gurobi 8.1.1 (win64, Python) logging started 06/03/19 18:24:35

Academic license - for non-commercial use only
Parameter OutputFlag unchanged
   Value: 1  Min: 0  Max: 1  Default: 1
Changed value of parameter timeLimit to 600.0
   Prev: 1e+100  Min: 0.0  Max: 1e+100  Default: 1e+100
Changed value of parameter MIPGap to 0.02
   Prev: 0.0001  Min: 0.0  Max: 1e+100  Default: 0.0001
Optimize a model with 0 rows, 6 columns and 0 nonzeros
Variable types: 0 continuous, 6 integer (6 binary)
Coefficient statistics:
  Matrix range     [0e+00, 0e+00]
  Objective range  [1e+00, 1e+00]
  Bounds range     [1e+00, 1e+00]
  RHS range        [0e+00, 0e+00]
Found heuristic solution: objective 0.0000000

Explored 0 nodes (0 simplex iterations) in 0.00 seconds
Thread count was 1 (of 4 available processors)

Solution count 1: 0 

Optimal solution found (tolerance 2.00e-02)
Best objective 0.000000000000e+00, best bound 0.000000000000e+00, gap 0.0000%

Gurobi 8.1.1 (win64, Python) logging started 06/03/19 18:25:01

Academic license - for non-commercial use only
Parameter OutputFlag unchanged
   Value: 1  Min: 0  Max: 1  Default: 1
Changed value of parameter timeLimit to 600.0
   Prev: 1e+100  Min: 0.0  Max: 1e+100  Default: 1e+100
Changed value of parameter MIPGap to 0.02
   Prev: 0.0001  Min: 0.0  Max: 1e+100  Default: 0.0001
Optimize a model with 0 rows, 6 columns and 0 nonzeros
Variable types: 0 continuous, 6 integer (6 binary)
Coefficient statistics:
  Matrix range     [0e+00, 0e+00]
  Objective range  [1e+00, 1e+00]
  Bounds range     [1e+00, 1e+00]
  RHS range        [0e+00, 0e+00]
Found heuristic solution: objective 0.0000000

Explored 0 nodes (0 simplex iterations) in 0.00 seconds
Thread count was 1 (of 4 available processors)

Solution count 1: 0 

Optimal solution found (tolerance 2.00e-02)
Best objective 0.000000000000e+00, best bound 0.000000000000e+00, gap 0.0000%

Gurobi 8.1.1 (win64, Python) logging started 06/03/19 18:25:45

Academic license - for non-commercial use only
Parameter OutputFlag unchanged
   Value: 1  Min: 0  Max: 1  Default: 1
Changed value of parameter timeLimit to 600.0
   Prev: 1e+100  Min: 0.0  Max: 1e+100  Default: 1e+100
Changed value of parameter MIPGap to 0.02
   Prev: 0.0001  Min: 0.0  Max: 1e+100  Default: 0.0001
Optimize a model with 0 rows, 6 columns and 0 nonzeros
Variable types: 0 continuous, 6 integer (6 binary)
Coefficient statistics:
  Matrix range     [0e+00, 0e+00]
  Objective range  [1e+00, 1e+00]
  Bounds range     [1e+00, 1e+00]
  RHS range        [0e+00, 0e+00]
Found heuristic solution: objective 0.0000000

Explored 0 nodes (0 simplex iterations) in 0.01 seconds
Thread count was 1 (of 4 available processors)

Solution count 1: 0 

Optimal solution found (tolerance 2.00e-02)
Best objective 0.000000000000e+00, best bound 0.000000000000e+00, gap 0.0000%

Gurobi 8.1.1 (win64, Python) logging started 06/03/19 18:26:14

Academic license - for non-commercial use only
Parameter OutputFlag unchanged
   Value: 1  Min: 0  Max: 1  Default: 1
Changed value of parameter timeLimit to 600.0
   Prev: 1e+100  Min: 0.0  Max: 1e+100  Default: 1e+100
Changed value of parameter MIPGap to 0.02
   Prev: 0.0001  Min: 0.0  Max: 1e+100  Default: 0.0001
Optimize a model with 0 rows, 6 columns and 0 nonzeros
Variable types: 0 continuous, 6 integer (6 binary)
Coefficient statistics:
  Matrix range     [0e+00, 0e+00]
  Objective range  [1e+00, 1e+00]
  Bounds range     [1e+00, 1e+00]
  RHS range        [0e+00, 0e+00]
Found heuristic solution: objective 0.0000000

Explored 0 nodes (0 simplex iterations) in 0.00 seconds
Thread count was 1 (of 4 available processors)

Solution count 1: 0 

Optimal solution found (tolerance 2.00e-02)
Best objective 0.000000000000e+00, best bound 0.000000000000e+00, gap 0.0000%

Gurobi 8.1.1 (win64, Python) logging started 06/03/19 18:26:23

Academic license - for non-commercial use only
Parameter OutputFlag unchanged
   Value: 1  Min: 0  Max: 1  Default: 1
Changed value of parameter timeLimit to 600.0
   Prev: 1e+100  Min: 0.0  Max: 1e+100  Default: 1e+100
Changed value of parameter MIPGap to 0.02
   Prev: 0.0001  Min: 0.0  Max: 1e+100  Default: 0.0001
Optimize a model with 0 rows, 6 columns and 0 nonzeros
Variable types: 0 continuous, 6 integer (6 binary)
Coefficient statistics:
  Matrix range     [0e+00, 0e+00]
  Objective range  [1e+00, 1e+00]
  Bounds range     [1e+00, 1e+00]
  RHS range        [0e+00, 0e+00]
Found heuristic solution: objective 0.0000000

Explored 0 nodes (0 simplex iterations) in 0.01 seconds
Thread count was 1 (of 4 available processors)

Solution count 1: 0 

Optimal solution found (tolerance 2.00e-02)
Best objective 0.000000000000e+00, best bound 0.000000000000e+00, gap 0.0000%

Gurobi 8.1.1 (win64, Python) logging started 06/03/19 18:26:39

Academic license - for non-commercial use only
Parameter OutputFlag unchanged
   Value: 1  Min: 0  Max: 1  Default: 1
Changed value of parameter timeLimit to 600.0
   Prev: 1e+100  Min: 0.0  Max: 1e+100  Default: 1e+100
Changed value of parameter MIPGap to 0.02
   Prev: 0.0001  Min: 0.0  Max: 1e+100  Default: 0.0001
Optimize a model with 0 rows, 6 columns and 0 nonzeros
Variable types: 0 continuous, 6 integer (6 binary)
Coefficient statistics:
  Matrix range     [0e+00, 0e+00]
  Objective range  [1e+00, 1e+00]
  Bounds range     [1e+00, 1e+00]
  RHS range        [0e+00, 0e+00]
Found heuristic solution: objective 0.0000000

Explored 0 nodes (0 simplex iterations) in 0.00 seconds
Thread count was 1 (of 4 available processors)

Solution count 1: 0 

Optimal solution found (tolerance 2.00e-02)
Best objective 0.000000000000e+00, best bound 0.000000000000e+00, gap 0.0000%

Gurobi 8.1.1 (win64, Python) logging started 06/03/19 18:27:19

Academic license - for non-commercial use only
Parameter OutputFlag unchanged
   Value: 1  Min: 0  Max: 1  Default: 1
Changed value of parameter timeLimit to 600.0
   Prev: 1e+100  Min: 0.0  Max: 1e+100  Default: 1e+100
Changed value of parameter MIPGap to 0.02
   Prev: 0.0001  Min: 0.0  Max: 1e+100  Default: 0.0001
Optimize a model with 0 rows, 6 columns and 0 nonzeros
Variable types: 0 continuous, 6 integer (6 binary)
Coefficient statistics:
  Matrix range     [0e+00, 0e+00]
  Objective range  [1e+00, 1e+00]
  Bounds range     [1e+00, 1e+00]
  RHS range        [0e+00, 0e+00]
Found heuristic solution: objective 0.0000000

Explored 0 nodes (0 simplex iterations) in 0.01 seconds
Thread count was 1 (of 4 available processors)

Solution count 1: 0 

Optimal solution found (tolerance 2.00e-02)
Best objective 0.000000000000e+00, best bound 0.000000000000e+00, gap 0.0000%

Gurobi 8.1.1 (win64, Python) logging started 06/03/19 18:27:51

Academic license - for non-commercial use only
Parameter OutputFlag unchanged
   Value: 1  Min: 0  Max: 1  Default: 1
Changed value of parameter timeLimit to 600.0
   Prev: 1e+100  Min: 0.0  Max: 1e+100  Default: 1e+100
Changed value of parameter MIPGap to 0.02
   Prev: 0.0001  Min: 0.0  Max: 1e+100  Default: 0.0001
Optimize a model with 9 rows, 6 columns and 3 nonzeros
Variable types: 0 continuous, 6 integer (6 binary)
Coefficient statistics:
  Matrix range     [1e+00, 1e+00]
  Objective range  [1e+00, 1e+00]
  Bounds range     [1e+00, 1e+00]
  RHS range        [1e+00, 1e+00]
Presolve time: 0.00s

Explored 0 nodes (0 simplex iterations) in 0.00 seconds
Thread count was 1 (of 4 available processors)

Solution count 0

Model is infeasible
Best objective -, best bound -, gap -

Gurobi 8.1.1 (win64, Python) logging started 06/03/19 18:27:59

Academic license - for non-commercial use only
Parameter OutputFlag unchanged
   Value: 1  Min: 0  Max: 1  Default: 1
Changed value of parameter timeLimit to 600.0
   Prev: 1e+100  Min: 0.0  Max: 1e+100  Default: 1e+100
Changed value of parameter MIPGap to 0.02
   Prev: 0.0001  Min: 0.0  Max: 1e+100  Default: 0.0001
Optimize a model with 9 rows, 6 columns and 3 nonzeros
Variable types: 0 continuous, 6 integer (6 binary)
Coefficient statistics:
  Matrix range     [1e+00, 1e+00]
  Objective range  [1e+00, 1e+00]
  Bounds range     [1e+00, 1e+00]
  RHS range        [1e+00, 1e+00]
Presolve time: 0.00s

Explored 0 nodes (0 simplex iterations) in 0.00 seconds
Thread count was 1 (of 4 available processors)

Solution count 0

Model is infeasible
Best objective -, best bound -, gap -

Gurobi 8.1.1 (win64, Python) logging started 06/03/19 18:28:45

Academic license - for non-commercial use only
Parameter OutputFlag unchanged
   Value: 1  Min: 0  Max: 1  Default: 1
Changed value of parameter timeLimit to 600.0
   Prev: 1e+100  Min: 0.0  Max: 1e+100  Default: 1e+100
Changed value of parameter MIPGap to 0.02
   Prev: 0.0001  Min: 0.0  Max: 1e+100  Default: 0.0001
Optimize a model with 9 rows, 6 columns and 3 nonzeros
Variable types: 0 continuous, 6 integer (6 binary)
Coefficient statistics:
  Matrix range     [1e+00, 1e+00]
  Objective range  [1e+00, 1e+00]
  Bounds range     [1e+00, 1e+00]
  RHS range        [1e+00, 1e+00]
Presolve time: 0.00s

Explored 0 nodes (0 simplex iterations) in 0.00 seconds
Thread count was 1 (of 4 available processors)

Solution count 0

Model is infeasible
Best objective -, best bound -, gap -

Gurobi 8.1.1 (win64, Python) logging started 06/03/19 18:29:50

Academic license - for non-commercial use only
Parameter OutputFlag unchanged
   Value: 1  Min: 0  Max: 1  Default: 1
Changed value of parameter timeLimit to 600.0
   Prev: 1e+100  Min: 0.0  Max: 1e+100  Default: 1e+100
Changed value of parameter MIPGap to 0.02
   Prev: 0.0001  Min: 0.0  Max: 1e+100  Default: 0.0001
Optimize a model with 9 rows, 6 columns and 0 nonzeros
Variable types: 0 continuous, 6 integer (6 binary)
Coefficient statistics:
  Matrix range     [0e+00, 0e+00]
  Objective range  [1e+00, 1e+00]
  Bounds range     [1e+00, 1e+00]
  RHS range        [1e+00, 1e+00]
Presolve time: 0.00s

Explored 0 nodes (0 simplex iterations) in 0.00 seconds
Thread count was 1 (of 4 available processors)

Solution count 0

Model is infeasible
Best objective -, best bound -, gap -

Gurobi 8.1.1 (win64, Python) logging started 06/03/19 18:30:53

Academic license - for non-commercial use only
Parameter OutputFlag unchanged
   Value: 1  Min: 0  Max: 1  Default: 1
Changed value of parameter timeLimit to 600.0
   Prev: 1e+100  Min: 0.0  Max: 1e+100  Default: 1e+100
Changed value of parameter MIPGap to 0.02
   Prev: 0.0001  Min: 0.0  Max: 1e+100  Default: 0.0001
Optimize a model with 9 rows, 6 columns and 3 nonzeros
Variable types: 0 continuous, 6 integer (6 binary)
Coefficient statistics:
  Matrix range     [1e+00, 1e+00]
  Objective range  [1e+00, 1e+00]
  Bounds range     [1e+00, 1e+00]
  RHS range        [1e+00, 1e+00]
Presolve time: 0.00s

Explored 0 nodes (0 simplex iterations) in 0.01 seconds
Thread count was 1 (of 4 available processors)

Solution count 0

Model is infeasible
Best objective -, best bound -, gap -

Gurobi 8.1.1 (win64, Python) logging started 06/03/19 18:31:48

Academic license - for non-commercial use only
Parameter OutputFlag unchanged
   Value: 1  Min: 0  Max: 1  Default: 1
Changed value of parameter timeLimit to 600.0
   Prev: 1e+100  Min: 0.0  Max: 1e+100  Default: 1e+100
Changed value of parameter MIPGap to 0.02
   Prev: 0.0001  Min: 0.0  Max: 1e+100  Default: 0.0001
Optimize a model with 9 rows, 6 columns and 3 nonzeros
Variable types: 0 continuous, 6 integer (6 binary)
Coefficient statistics:
  Matrix range     [1e+00, 1e+00]
  Objective range  [1e+00, 1e+00]
  Bounds range     [1e+00, 1e+00]
  RHS range        [1e+00, 1e+00]
Presolve time: 0.00s

Explored 0 nodes (0 simplex iterations) in 0.00 seconds
Thread count was 1 (of 4 available processors)

Solution count 0

Model is infeasible
Best objective -, best bound -, gap -

Gurobi 8.1.1 (win64, Python) logging started 06/03/19 18:32:12

Academic license - for non-commercial use only
Parameter OutputFlag unchanged
   Value: 1  Min: 0  Max: 1  Default: 1
Changed value of parameter timeLimit to 600.0
   Prev: 1e+100  Min: 0.0  Max: 1e+100  Default: 1e+100
Changed value of parameter MIPGap to 0.02
   Prev: 0.0001  Min: 0.0  Max: 1e+100  Default: 0.0001
Optimize a model with 9 rows, 6 columns and 3 nonzeros
Variable types: 0 continuous, 6 integer (6 binary)
Coefficient statistics:
  Matrix range     [1e+00, 1e+00]
  Objective range  [1e+00, 1e+00]
  Bounds range     [1e+00, 1e+00]
  RHS range        [1e+00, 1e+00]
Presolve time: 0.00s

Explored 0 nodes (0 simplex iterations) in 0.01 seconds
Thread count was 1 (of 4 available processors)

Solution count 0

Model is infeasible
Best objective -, best bound -, gap -

Gurobi 8.1.1 (win64, Python) logging started 06/03/19 18:32:15

Academic license - for non-commercial use only
Parameter OutputFlag unchanged
   Value: 1  Min: 0  Max: 1  Default: 1
Changed value of parameter timeLimit to 600.0
   Prev: 1e+100  Min: 0.0  Max: 1e+100  Default: 1e+100
Changed value of parameter MIPGap to 0.02
   Prev: 0.0001  Min: 0.0  Max: 1e+100  Default: 0.0001
Optimize a model with 9 rows, 6 columns and 3 nonzeros
Variable types: 0 continuous, 6 integer (6 binary)
Coefficient statistics:
  Matrix range     [1e+00, 1e+00]
  Objective range  [1e+00, 1e+00]
  Bounds range     [1e+00, 1e+00]
  RHS range        [1e+00, 1e+00]
Presolve time: 0.00s

Explored 0 nodes (0 simplex iterations) in 0.02 seconds
Thread count was 1 (of 4 available processors)

Solution count 0

Model is infeasible
Best objective -, best bound -, gap -

Gurobi 8.1.1 (win64, Python) logging started 06/03/19 18:32:22

Academic license - for non-commercial use only
Parameter OutputFlag unchanged
   Value: 1  Min: 0  Max: 1  Default: 1
Changed value of parameter timeLimit to 600.0
   Prev: 1e+100  Min: 0.0  Max: 1e+100  Default: 1e+100
Changed value of parameter MIPGap to 0.02
   Prev: 0.0001  Min: 0.0  Max: 1e+100  Default: 0.0001
Optimize a model with 9 rows, 6 columns and 3 nonzeros
Variable types: 0 continuous, 6 integer (6 binary)
Coefficient statistics:
  Matrix range     [1e+00, 1e+00]
  Objective range  [1e+00, 1e+00]
  Bounds range     [1e+00, 1e+00]
  RHS range        [1e+00, 1e+00]
Presolve time: 0.00s

Explored 0 nodes (0 simplex iterations) in 0.01 seconds
Thread count was 1 (of 4 available processors)

Solution count 0

Model is infeasible
Best objective -, best bound -, gap -

Gurobi 8.1.1 (win64, Python) logging started 06/03/19 18:33:41

Academic license - for non-commercial use only
Parameter OutputFlag unchanged
   Value: 1  Min: 0  Max: 1  Default: 1
Changed value of parameter timeLimit to 600.0
   Prev: 1e+100  Min: 0.0  Max: 1e+100  Default: 1e+100
Changed value of parameter MIPGap to 0.02
   Prev: 0.0001  Min: 0.0  Max: 1e+100  Default: 0.0001
Optimize a model with 9 rows, 6 columns and 3 nonzeros
Variable types: 0 continuous, 6 integer (6 binary)
Coefficient statistics:
  Matrix range     [1e+00, 1e+00]
  Objective range  [1e+00, 1e+00]
  Bounds range     [1e+00, 1e+00]
  RHS range        [1e+00, 1e+00]
Presolve time: 0.00s

Explored 0 nodes (0 simplex iterations) in 0.00 seconds
Thread count was 1 (of 4 available processors)

Solution count 0

Model is infeasible
Best objective -, best bound -, gap -

Gurobi 8.1.1 (win64, Python) logging started 06/03/19 18:33:54

Academic license - for non-commercial use only
Parameter OutputFlag unchanged
   Value: 1  Min: 0  Max: 1  Default: 1
Changed value of parameter timeLimit to 600.0
   Prev: 1e+100  Min: 0.0  Max: 1e+100  Default: 1e+100
Changed value of parameter MIPGap to 0.02
   Prev: 0.0001  Min: 0.0  Max: 1e+100  Default: 0.0001
Optimize a model with 9 rows, 6 columns and 3 nonzeros
Variable types: 0 continuous, 6 integer (6 binary)
Coefficient statistics:
  Matrix range     [1e+00, 1e+00]
  Objective range  [1e+00, 1e+00]
  Bounds range     [1e+00, 1e+00]
  RHS range        [1e+00, 1e+00]
Presolve time: 0.00s

Explored 0 nodes (0 simplex iterations) in 0.00 seconds
Thread count was 1 (of 4 available processors)

Solution count 0

Model is infeasible
Best objective -, best bound -, gap -

Gurobi 8.1.1 (win64, Python) logging started 06/03/19 18:34:25

Academic license - for non-commercial use only
Parameter OutputFlag unchanged
   Value: 1  Min: 0  Max: 1  Default: 1
Changed value of parameter timeLimit to 600.0
   Prev: 1e+100  Min: 0.0  Max: 1e+100  Default: 1e+100
Changed value of parameter MIPGap to 0.02
   Prev: 0.0001  Min: 0.0  Max: 1e+100  Default: 0.0001
Optimize a model with 9 rows, 6 columns and 3 nonzeros
Variable types: 0 continuous, 6 integer (6 binary)
Coefficient statistics:
  Matrix range     [1e+00, 1e+00]
  Objective range  [1e+00, 1e+00]
  Bounds range     [1e+00, 1e+00]
  RHS range        [1e+00, 1e+00]
Presolve time: 0.00s

Explored 0 nodes (0 simplex iterations) in 0.01 seconds
Thread count was 1 (of 4 available processors)

Solution count 0

Model is infeasible
Best objective -, best bound -, gap -

Gurobi 8.1.1 (win64, Python) logging started 06/03/19 18:34:35

Academic license - for non-commercial use only
Parameter OutputFlag unchanged
   Value: 1  Min: 0  Max: 1  Default: 1
Changed value of parameter timeLimit to 600.0
   Prev: 1e+100  Min: 0.0  Max: 1e+100  Default: 1e+100
Changed value of parameter MIPGap to 0.02
   Prev: 0.0001  Min: 0.0  Max: 1e+100  Default: 0.0001
Optimize a model with 9 rows, 6 columns and 2 nonzeros
Variable types: 0 continuous, 6 integer (6 binary)
Coefficient statistics:
  Matrix range     [1e+00, 1e+00]
  Objective range  [1e+00, 1e+00]
  Bounds range     [1e+00, 1e+00]
  RHS range        [1e+00, 1e+00]
Presolve time: 0.00s

Explored 0 nodes (0 simplex iterations) in 0.01 seconds
Thread count was 1 (of 4 available processors)

Solution count 0

Model is infeasible
Best objective -, best bound -, gap -

Gurobi 8.1.1 (win64, Python) logging started 06/03/19 18:36:05

Academic license - for non-commercial use only
Parameter OutputFlag unchanged
   Value: 1  Min: 0  Max: 1  Default: 1
Changed value of parameter timeLimit to 600.0
   Prev: 1e+100  Min: 0.0  Max: 1e+100  Default: 1e+100
Changed value of parameter MIPGap to 0.02
   Prev: 0.0001  Min: 0.0  Max: 1e+100  Default: 0.0001
Optimize a model with 9 rows, 6 columns and 2 nonzeros
Variable types: 0 continuous, 6 integer (6 binary)
Coefficient statistics:
  Matrix range     [1e+00, 1e+00]
  Objective range  [1e+00, 1e+00]
  Bounds range     [1e+00, 1e+00]
  RHS range        [1e+00, 1e+00]
Presolve time: 0.00s

Explored 0 nodes (0 simplex iterations) in 0.00 seconds
Thread count was 1 (of 4 available processors)

Solution count 0

Model is infeasible
Best objective -, best bound -, gap -

Gurobi 8.1.1 (win64, Python) logging started 06/03/19 18:36:26

Academic license - for non-commercial use only
Parameter OutputFlag unchanged
   Value: 1  Min: 0  Max: 1  Default: 1
Changed value of parameter timeLimit to 600.0
   Prev: 1e+100  Min: 0.0  Max: 1e+100  Default: 1e+100
Changed value of parameter MIPGap to 0.02
   Prev: 0.0001  Min: 0.0  Max: 1e+100  Default: 0.0001
Optimize a model with 9 rows, 6 columns and 2 nonzeros
Variable types: 0 continuous, 6 integer (6 binary)
Coefficient statistics:
  Matrix range     [1e+00, 1e+00]
  Objective range  [1e+00, 1e+00]
  Bounds range     [1e+00, 1e+00]
  RHS range        [1e+00, 1e+00]
Presolve time: 0.00s

Explored 0 nodes (0 simplex iterations) in 0.01 seconds
Thread count was 1 (of 4 available processors)

Solution count 0

Model is infeasible
Best objective -, best bound -, gap -

Gurobi 8.1.1 (win64, Python) logging started 06/03/19 18:36:54

Academic license - for non-commercial use only
Parameter OutputFlag unchanged
   Value: 1  Min: 0  Max: 1  Default: 1
Changed value of parameter timeLimit to 600.0
   Prev: 1e+100  Min: 0.0  Max: 1e+100  Default: 1e+100
Changed value of parameter MIPGap to 0.02
   Prev: 0.0001  Min: 0.0  Max: 1e+100  Default: 0.0001
Optimize a model with 9 rows, 6 columns and 2 nonzeros
Variable types: 0 continuous, 6 integer (6 binary)
Coefficient statistics:
  Matrix range     [1e+00, 1e+00]
  Objective range  [1e+00, 1e+00]
  Bounds range     [1e+00, 1e+00]
  RHS range        [1e+00, 1e+00]
Presolve time: 0.00s

Explored 0 nodes (0 simplex iterations) in 0.00 seconds
Thread count was 1 (of 4 available processors)

Solution count 0

Model is infeasible
Best objective -, best bound -, gap -

Gurobi 8.1.1 (win64, Python) logging started 06/03/19 18:39:18

Academic license - for non-commercial use only
Parameter OutputFlag unchanged
   Value: 1  Min: 0  Max: 1  Default: 1
Changed value of parameter timeLimit to 600.0
   Prev: 1e+100  Min: 0.0  Max: 1e+100  Default: 1e+100
Changed value of parameter MIPGap to 0.02
   Prev: 0.0001  Min: 0.0  Max: 1e+100  Default: 0.0001
Optimize a model with 9 rows, 6 columns and 2 nonzeros
Variable types: 0 continuous, 6 integer (6 binary)
Coefficient statistics:
  Matrix range     [1e+00, 1e+00]
  Objective range  [1e+00, 1e+00]
  Bounds range     [1e+00, 1e+00]
  RHS range        [1e+00, 1e+00]
Presolve time: 0.00s

Explored 0 nodes (0 simplex iterations) in 0.02 seconds
Thread count was 1 (of 4 available processors)

Solution count 0

Model is infeasible
Best objective -, best bound -, gap -

Gurobi 8.1.1 (win64, Python) logging started 06/03/19 18:39:28

Academic license - for non-commercial use only
Parameter OutputFlag unchanged
   Value: 1  Min: 0  Max: 1  Default: 1
Changed value of parameter timeLimit to 600.0
   Prev: 1e+100  Min: 0.0  Max: 1e+100  Default: 1e+100
Changed value of parameter MIPGap to 0.02
   Prev: 0.0001  Min: 0.0  Max: 1e+100  Default: 0.0001
Optimize a model with 9 rows, 6 columns and 2 nonzeros
Variable types: 0 continuous, 6 integer (6 binary)
Coefficient statistics:
  Matrix range     [1e+00, 1e+00]
  Objective range  [1e+00, 1e+00]
  Bounds range     [1e+00, 1e+00]
  RHS range        [1e+00, 1e+00]
Presolve time: 0.00s

Explored 0 nodes (0 simplex iterations) in 0.01 seconds
Thread count was 1 (of 4 available processors)

Solution count 0

Model is infeasible
Best objective -, best bound -, gap -

Gurobi 8.1.1 (win64, Python) logging started 06/03/19 18:40:05

Academic license - for non-commercial use only

Gurobi 8.1.1 (win64, Python) logging started 06/03/19 18:40:08

Academic license - for non-commercial use only

Gurobi 8.1.1 (win64, Python) logging started 06/03/19 18:40:13

Academic license - for non-commercial use only

Gurobi 8.1.1 (win64, Python) logging started 06/03/19 18:40:19

Academic license - for non-commercial use only

Gurobi 8.1.1 (win64, Python) logging started 06/03/19 18:41:15

Academic license - for non-commercial use only

Gurobi 8.1.1 (win64, Python) logging started 06/03/19 18:41:22

Academic license - for non-commercial use only

Gurobi 8.1.1 (win64, Python) logging started 06/03/19 18:41:41

Academic license - for non-commercial use only

Gurobi 8.1.1 (win64, Python) logging started 06/03/19 18:41:49

Academic license - for non-commercial use only

Gurobi 8.1.1 (win64, Python) logging started 06/03/19 18:41:53

Academic license - for non-commercial use only

Gurobi 8.1.1 (win64, Python) logging started 06/03/19 18:42:06

Academic license - for non-commercial use only

Gurobi 8.1.1 (win64, Python) logging started 06/03/19 18:42:45

Academic license - for non-commercial use only

Gurobi 8.1.1 (win64, Python) logging started 06/03/19 18:42:48

Academic license - for non-commercial use only

Gurobi 8.1.1 (win64, Python) logging started 06/03/19 18:42:53

Academic license - for non-commercial use only

Gurobi 8.1.1 (win64, Python) logging started 06/03/19 18:42:54

Academic license - for non-commercial use only

Gurobi 8.1.1 (win64, Python) logging started 06/03/19 18:43:29

Academic license - for non-commercial use only

Gurobi 8.1.1 (win64, Python) logging started 06/03/19 18:43:33

Academic license - for non-commercial use only

Gurobi 8.1.1 (win64, Python) logging started 06/03/19 18:43:35

Academic license - for non-commercial use only

Gurobi 8.1.1 (win64, Python) logging started 06/03/19 18:43:36

Academic license - for non-commercial use only

Gurobi 8.1.1 (win64, Python) logging started 06/03/19 18:43:43

Academic license - for non-commercial use only

Gurobi 8.1.1 (win64, Python) logging started 06/03/19 18:43:55

Academic license - for non-commercial use only

Gurobi 8.1.1 (win64, Python) logging started 06/03/19 18:44:21

Academic license - for non-commercial use only

Gurobi 8.1.1 (win64, Python) logging started 06/03/19 18:44:22

Academic license - for non-commercial use only

Gurobi 8.1.1 (win64, Python) logging started 06/03/19 18:44:24

Academic license - for non-commercial use only

Gurobi 8.1.1 (win64, Python) logging started 06/03/19 18:44:25

Academic license - for non-commercial use only

Gurobi 8.1.1 (win64, Python) logging started 06/03/19 18:44:26

Academic license - for non-commercial use only

Gurobi 8.1.1 (win64, Python) logging started 06/03/19 18:44:27

Academic license - for non-commercial use only

Gurobi 8.1.1 (win64, Python) logging started 06/03/19 18:44:29

Academic license - for non-commercial use only

Gurobi 8.1.1 (win64, Python) logging started 06/03/19 18:44:47

Academic license - for non-commercial use only

Gurobi 8.1.1 (win64, Python) logging started 06/03/19 18:44:56

Academic license - for non-commercial use only

Gurobi 8.1.1 (win64, Python) logging started 06/03/19 18:45:58

Academic license - for non-commercial use only

Gurobi 8.1.1 (win64, Python) logging started 06/03/19 18:46:23

Academic license - for non-commercial use only

Gurobi 8.1.1 (win64, Python) logging started 06/03/19 18:46:46

Academic license - for non-commercial use only

Gurobi 8.1.1 (win64, Python) logging started 06/03/19 18:47:13

Academic license - for non-commercial use only

Gurobi 8.1.1 (win64, Python) logging started 06/03/19 18:48:30

Academic license - for non-commercial use only

Gurobi 8.1.1 (win64, Python) logging started 06/03/19 18:49:35

Academic license - for non-commercial use only

Gurobi 8.1.1 (win64, Python) logging started 06/03/19 18:50:02

Academic license - for non-commercial use only

Gurobi 8.1.1 (win64, Python) logging started 06/03/19 18:50:35

Academic license - for non-commercial use only

Gurobi 8.1.1 (win64, Python) logging started 06/03/19 18:51:34

Academic license - for non-commercial use only

Gurobi 8.1.1 (win64, Python) logging started 06/03/19 18:51:46

Academic license - for non-commercial use only

Gurobi 8.1.1 (win64, Python) logging started 06/03/19 18:51:54

Academic license - for non-commercial use only
